<?xml version="1.0" encoding="UTF-8"?>
<testng-results ignored="0" total="1" passed="1" failed="0" skipped="0">
  <reporter-output>
  </reporter-output>
  <suite started-at="2024-08-25T10:50:25 IST" name="Default suite" finished-at="2024-08-25T10:50:25 IST" duration-ms="36">
    <groups>
    </groups>
    <test started-at="2024-08-25T10:50:25 IST" name="Default test" finished-at="2024-08-25T10:50:25 IST" duration-ms="36">
      <class name="hello.HelloWorld">
        <test-method signature="helloTest()[pri:0, instance:hello.HelloWorld@6f3c660a]" started-at="2024-08-25T10:50:25 IST" name="helloTest" finished-at="2024-08-25T10:50:25 IST" duration-ms="7" status="PASS">
          <reporter-output>
          </reporter-output>
        </test-method> <!-- helloTest -->
      </class> <!-- hello.HelloWorld -->
    </test> <!-- Default test -->
  </suite> <!-- Default suite -->
</testng-results>
